<?xml version="1.0" encoding="UTF-8"?>
<!-- Generated by org.testng.reporters.JUnitReportReporter -->
<testsuite hostname="Lenovo" failures="0" tests="1" name="Project.Flipkart.Flipkart" time="67.398" errors="0" timestamp="2023-02-20T20:38:12 IST" skipped="0">
  <testcase classname="Project.Flipkart.Flipkart" name="to_Buy_Product" time="67.398"/>
  <system-out/>
</testsuite> <!-- Project.Flipkart.Flipkart -->
